<?xml version="1.0" encoding="UTF-8"?>
<!-- Generated by org.testng.reporters.JUnitXMLReporter -->
<testsuite ignored="6" hostname="LTIN193301" failures="3" tests="16" name="Test" time="228.837" errors="0" timestamp="2024-04-02T10:21:38 IST">
  <testcase classname="tests.HomePageTest" name="testOpenBrowser" time="0.035"/>
  <testcase classname="tests.HomePageTest" name="testSelectedDestination" time="3.343"/>
  <testcase classname="tests.HomePageTest" name="testCheckInDate" time="0.682"/>
  <testcase classname="tests.HomePageTest" name="testGuestsAndRooms" time="0.62"/>
  <testcase classname="tests.HomePageTest" name="testSearchButton" time="0.293"/>
  <testcase classname="tests.HotelsSearchPageTest" name="validateTitle" time="0.019">
    <failure type="java.lang.AssertionError" message="expected [Nairobi Hotels - Where to stay in Nairobi | Trip.com] but found [Melbourne Hotels - Where to stay in Melbourne | Trip.com]">
      <![CDATA[java.lang.AssertionError: expected [Nairobi Hotels - Where to stay in Nairobi | Trip.com] but found [Melbourne Hotels - Where to stay in Melbourne | Trip.com]
at tests.HotelsSearchPageTest.validateTitle(HotelsSearchPageTest.java:27)
at java.base/java.util.ArrayList.forEach(ArrayList.java:1511)
... Removed 33 stack frames]]>
    </failure>
  </testcase> <!-- validateTitle -->
  <testcase classname="tests.HotelsSearchPageTest" name="sortHotels" time="0.751"/>
  <testcase classname="tests.HotelsSearchPageTest" name="selectPropertyType" time="1.375">
    <failure type="org.openqa.selenium.ElementClickInterceptedException" message="element click intercepted: Element &amp;lt;li id=&amp;quot;showAll&amp;quot; class=&amp;quot;&amp;quot; style=&amp;quot;position:relative&amp;quot;&amp;gt;...&amp;lt;/li&amp;gt; is not clickable at point (233, 111). Other element would receive the click: &amp;lt;div class=&amp;quot;content-con&amp;quot;&amp;gt;...&amp;lt;/div&amp;gt;
  (Session info: chrome=121.0.6167.86)
Build info: version: &amp;apos;4.18.1&amp;apos;, revision: &amp;apos;b1d3319b48&amp;apos;
System info: os.name: &amp;apos;Windows 11&amp;apos;, os.arch: &amp;apos;amd64&amp;apos;, os.version: &amp;apos;10.0&amp;apos;, java.version: &amp;apos;17.0.9&amp;apos;
Driver info: org.openqa.selenium.chrome.ChromeDriver
Command: [af819ce711adbb35aa3cb6983958140c, clickElement {id=FF2C4A39351789291E641027E8CD7F8C_element_256}]
Capabilities {acceptInsecureCerts: false, browserName: chrome, browserVersion: 121.0.6167.86, chrome: {chromedriverVersion: 121.0.6167.184 (057a8ae7deb..., userDataDir: C:\Windows\SystemTemp\scope...}, fedcm:accounts: true, goog:chromeOptions: {debuggerAddress: localhost:49331}, networkConnectionEnabled: false, pageLoadStrategy: normal, platformName: windows, proxy: Proxy(), se:cdp: ws://localhost:49331/devtoo..., se:cdpVersion: 121.0.6167.86, setWindowRect: true, strictFileInteractability: false, timeouts: {implicit: 0, pageLoad: 300000, script: 30000}, unhandledPromptBehavior: dismiss and notify, webauthn:extension:credBlob: true, webauthn:extension:largeBlob: true, webauthn:extension:minPinLength: true, webauthn:extension:prf: true, webauthn:virtualAuthenticators: true}
Element: [[[[ChromeDriver: chrome on windows (af819ce711adbb35aa3cb6983958140c)] -&amp;gt; css selector: div.category-content]] -&amp;gt; id: showAll]
Session ID: af819ce711adbb35aa3cb6983958140c">
      <![CDATA[org.openqa.selenium.ElementClickInterceptedException: element click intercepted: Element <li id="showAll" class="" style="position:relative">...</li> is not clickable at point (233, 111). Other element would receive the click: <div class="content-con">...</div>
  (Session info: chrome=121.0.6167.86)
Build info: version: '4.18.1', revision: 'b1d3319b48'
System info: os.name: 'Windows 11', os.arch: 'amd64', os.version: '10.0', java.version: '17.0.9'
Driver info: org.openqa.selenium.chrome.ChromeDriver
Command: [af819ce711adbb35aa3cb6983958140c, clickElement {id=FF2C4A39351789291E641027E8CD7F8C_element_256}]
Capabilities {acceptInsecureCerts: false, browserName: chrome, browserVersion: 121.0.6167.86, chrome: {chromedriverVersion: 121.0.6167.184 (057a8ae7deb..., userDataDir: C:\Windows\SystemTemp\scope...}, fedcm:accounts: true, goog:chromeOptions: {debuggerAddress: localhost:49331}, networkConnectionEnabled: false, pageLoadStrategy: normal, platformName: windows, proxy: Proxy(), se:cdp: ws://localhost:49331/devtoo..., se:cdpVersion: 121.0.6167.86, setWindowRect: true, strictFileInteractability: false, timeouts: {implicit: 0, pageLoad: 300000, script: 30000}, unhandledPromptBehavior: dismiss and notify, webauthn:extension:credBlob: true, webauthn:extension:largeBlob: true, webauthn:extension:minPinLength: true, webauthn:extension:prf: true, webauthn:virtualAuthenticators: true}
Element: [[[[ChromeDriver: chrome on windows (af819ce711adbb35aa3cb6983958140c)] -> css selector: div.category-content]] -> id: showAll]
Session ID: af819ce711adbb35aa3cb6983958140c
at org.openqa.selenium.remote.ErrorCodec.decode(ErrorCodec.java:167)
at org.openqa.selenium.remote.codec.w3c.W3CHttpResponseCodec.decode(W3CHttpResponseCodec.java:138)
at org.openqa.selenium.remote.codec.w3c.W3CHttpResponseCodec.decode(W3CHttpResponseCodec.java:50)
at org.openqa.selenium.remote.HttpCommandExecutor.execute(HttpCommandExecutor.java:190)
at org.openqa.selenium.remote.service.DriverCommandExecutor.invokeExecute(DriverCommandExecutor.java:216)
at org.openqa.selenium.remote.service.DriverCommandExecutor.execute(DriverCommandExecutor.java:174)
at org.openqa.selenium.remote.RemoteWebDriver.execute(RemoteWebDriver.java:519)
at org.openqa.selenium.remote.RemoteWebElement.execute(RemoteWebElement.java:223)
at org.openqa.selenium.remote.RemoteWebElement.click(RemoteWebElement.java:76)
at pages.HotelsSearchPage.selectPropertyType(HotelsSearchPage.java:55)
at tests.HotelsSearchPageTest.selectPropertyType(HotelsSearchPageTest.java:39)
at java.base/java.util.ArrayList.forEach(ArrayList.java:1511)
... Removed 32 stack frames]]>
    </failure>
  </testcase> <!-- selectPropertyType -->
  <testcase classname="tests.HotelsSearchPageTest" name="selectAmenty" time="1.304">
    <failure type="org.openqa.selenium.ElementClickInterceptedException" message="element click intercepted: Element &amp;lt;li id=&amp;quot;showAll&amp;quot; class=&amp;quot;&amp;quot; style=&amp;quot;position:relative&amp;quot;&amp;gt;...&amp;lt;/li&amp;gt; is not clickable at point (233, 111). Other element would receive the click: &amp;lt;div class=&amp;quot;content-con&amp;quot;&amp;gt;...&amp;lt;/div&amp;gt;
  (Session info: chrome=121.0.6167.86)
Build info: version: &amp;apos;4.18.1&amp;apos;, revision: &amp;apos;b1d3319b48&amp;apos;
System info: os.name: &amp;apos;Windows 11&amp;apos;, os.arch: &amp;apos;amd64&amp;apos;, os.version: &amp;apos;10.0&amp;apos;, java.version: &amp;apos;17.0.9&amp;apos;
Driver info: org.openqa.selenium.chrome.ChromeDriver
Command: [af819ce711adbb35aa3cb6983958140c, clickElement {id=FF2C4A39351789291E641027E8CD7F8C_element_260}]
Capabilities {acceptInsecureCerts: false, browserName: chrome, browserVersion: 121.0.6167.86, chrome: {chromedriverVersion: 121.0.6167.184 (057a8ae7deb..., userDataDir: C:\Windows\SystemTemp\scope...}, fedcm:accounts: true, goog:chromeOptions: {debuggerAddress: localhost:49331}, networkConnectionEnabled: false, pageLoadStrategy: normal, platformName: windows, proxy: Proxy(), se:cdp: ws://localhost:49331/devtoo..., se:cdpVersion: 121.0.6167.86, setWindowRect: true, strictFileInteractability: false, timeouts: {implicit: 0, pageLoad: 300000, script: 30000}, unhandledPromptBehavior: dismiss and notify, webauthn:extension:credBlob: true, webauthn:extension:largeBlob: true, webauthn:extension:minPinLength: true, webauthn:extension:prf: true, webauthn:virtualAuthenticators: true}
Element: [[[[ChromeDriver: chrome on windows (af819ce711adbb35aa3cb6983958140c)] -&amp;gt; css selector: div.amenty-content]] -&amp;gt; id: showAll]
Session ID: af819ce711adbb35aa3cb6983958140c">
      <![CDATA[org.openqa.selenium.ElementClickInterceptedException: element click intercepted: Element <li id="showAll" class="" style="position:relative">...</li> is not clickable at point (233, 111). Other element would receive the click: <div class="content-con">...</div>
  (Session info: chrome=121.0.6167.86)
Build info: version: '4.18.1', revision: 'b1d3319b48'
System info: os.name: 'Windows 11', os.arch: 'amd64', os.version: '10.0', java.version: '17.0.9'
Driver info: org.openqa.selenium.chrome.ChromeDriver
Command: [af819ce711adbb35aa3cb6983958140c, clickElement {id=FF2C4A39351789291E641027E8CD7F8C_element_260}]
Capabilities {acceptInsecureCerts: false, browserName: chrome, browserVersion: 121.0.6167.86, chrome: {chromedriverVersion: 121.0.6167.184 (057a8ae7deb..., userDataDir: C:\Windows\SystemTemp\scope...}, fedcm:accounts: true, goog:chromeOptions: {debuggerAddress: localhost:49331}, networkConnectionEnabled: false, pageLoadStrategy: normal, platformName: windows, proxy: Proxy(), se:cdp: ws://localhost:49331/devtoo..., se:cdpVersion: 121.0.6167.86, setWindowRect: true, strictFileInteractability: false, timeouts: {implicit: 0, pageLoad: 300000, script: 30000}, unhandledPromptBehavior: dismiss and notify, webauthn:extension:credBlob: true, webauthn:extension:largeBlob: true, webauthn:extension:minPinLength: true, webauthn:extension:prf: true, webauthn:virtualAuthenticators: true}
Element: [[[[ChromeDriver: chrome on windows (af819ce711adbb35aa3cb6983958140c)] -> css selector: div.amenty-content]] -> id: showAll]
Session ID: af819ce711adbb35aa3cb6983958140c
at org.openqa.selenium.remote.ErrorCodec.decode(ErrorCodec.java:167)
at org.openqa.selenium.remote.codec.w3c.W3CHttpResponseCodec.decode(W3CHttpResponseCodec.java:138)
at org.openqa.selenium.remote.codec.w3c.W3CHttpResponseCodec.decode(W3CHttpResponseCodec.java:50)
at org.openqa.selenium.remote.HttpCommandExecutor.execute(HttpCommandExecutor.java:190)
at org.openqa.selenium.remote.service.DriverCommandExecutor.invokeExecute(DriverCommandExecutor.java:216)
at org.openqa.selenium.remote.service.DriverCommandExecutor.execute(DriverCommandExecutor.java:174)
at org.openqa.selenium.remote.RemoteWebDriver.execute(RemoteWebDriver.java:519)
at org.openqa.selenium.remote.RemoteWebElement.execute(RemoteWebElement.java:223)
at org.openqa.selenium.remote.RemoteWebElement.click(RemoteWebElement.java:76)
at pages.HotelsSearchPage.selectAmeneties(HotelsSearchPage.java:69)
at tests.HotelsSearchPageTest.selectAmenty(HotelsSearchPageTest.java:45)
at java.base/java.util.ArrayList.forEach(ArrayList.java:1511)
... Removed 32 stack frames]]>
    </failure>
  </testcase> <!-- selectAmenty -->
  <testcase classname="tests.HotelsSearchPageTest" name="displayPrices" time="10.048"/>
  <testcase classname="tests.HotelsSearchPageTest" name="moveToHomePage" time="96.262"/>
  <testcase classname="tests.CruisesSearchPageTest" name="moveToCruisePage" time="2.833"/>
  <testcase classname="tests.CruisesSearchPageTest" name="testWebPage" time="0.011"/>
  <testcase classname="tests.CruisesSearchPageTest" name="testCruiseSelection" time="0.177"/>
  <testcase classname="tests.CruisesSearchPageTest" name="findShipDetails" time="0.291"/>
  <testcase classname="tests.CruisesSearchPageTest" name="getShipDetails" time="0.243"/>
  <testcase classname="tests.BaseTest" name="@AfterTest tearDown" time="0.0">
    <ignored/>
  </testcase> <!-- @AfterTest tearDown -->
  <testcase classname="tests.BaseTest" name="@AfterTest tearDown" time="0.0">
    <ignored/>
  </testcase> <!-- @AfterTest tearDown -->
  <testcase classname="tests.BaseTest" name="@AfterTest tearDown" time="0.0">
    <ignored/>
  </testcase> <!-- @AfterTest tearDown -->
  <testcase classname="tests.BaseTest" name="@BeforeTest setUp" time="0.0">
    <ignored/>
  </testcase> <!-- @BeforeTest setUp -->
  <testcase classname="tests.BaseTest" name="@BeforeTest setUp" time="0.0">
    <ignored/>
  </testcase> <!-- @BeforeTest setUp -->
  <testcase classname="tests.BaseTest" name="@BeforeTest setUp" time="0.0">
    <ignored/>
  </testcase> <!-- @BeforeTest setUp -->
</testsuite> <!-- Test -->
