<?xml version="1.0" encoding="UTF-8"?>
<!-- Generated by org.testng.reporters.JUnitXMLReporter -->
<testsuite ignored="6" hostname="LTIN193301" failures="0" tests="16" name="Command line test" time="12.584" errors="0" timestamp="2024-04-04T03:06:33 IST">
  <testcase classname="tests.BaseTest" name="@BeforeTest setUp" time="12.353">
    <failure type="org.openqa.selenium.NoSuchWindowException" message="no such window: target window already closed
from unknown error: web view not found
  (Session info: chrome=121.0.6167.86)
Build info: version: &amp;apos;4.18.1&amp;apos;, revision: &amp;apos;b1d3319b48&amp;apos;
System info: os.name: &amp;apos;Windows 11&amp;apos;, os.arch: &amp;apos;amd64&amp;apos;, os.version: &amp;apos;10.0&amp;apos;, java.version: &amp;apos;17.0.9&amp;apos;
Driver info: org.openqa.selenium.chrome.ChromeDriver
Command: [10e6b7711dc8852f7a4c2bcf43141d1a, maximizeCurrentWindow {}]
Capabilities {acceptInsecureCerts: false, browserName: chrome, browserVersion: 121.0.6167.86, chrome: {chromedriverVersion: 121.0.6167.184 (057a8ae7deb..., userDataDir: C:\Windows\SystemTemp\scope...}, fedcm:accounts: true, goog:chromeOptions: {debuggerAddress: localhost:64199}, networkConnectionEnabled: false, pageLoadStrategy: normal, platformName: windows, proxy: Proxy(), se:cdp: ws://localhost:64199/devtoo..., se:cdpVersion: 121.0.6167.86, setWindowRect: true, strictFileInteractability: false, timeouts: {implicit: 0, pageLoad: 300000, script: 30000}, unhandledPromptBehavior: dismiss and notify, webauthn:extension:credBlob: true, webauthn:extension:largeBlob: true, webauthn:extension:minPinLength: true, webauthn:extension:prf: true, webauthn:virtualAuthenticators: true}
Session ID: 10e6b7711dc8852f7a4c2bcf43141d1a">
      <![CDATA[org.openqa.selenium.NoSuchWindowException: no such window: target window already closed
from unknown error: web view not found
  (Session info: chrome=121.0.6167.86)
Build info: version: '4.18.1', revision: 'b1d3319b48'
System info: os.name: 'Windows 11', os.arch: 'amd64', os.version: '10.0', java.version: '17.0.9'
Driver info: org.openqa.selenium.chrome.ChromeDriver
Command: [10e6b7711dc8852f7a4c2bcf43141d1a, maximizeCurrentWindow {}]
Capabilities {acceptInsecureCerts: false, browserName: chrome, browserVersion: 121.0.6167.86, chrome: {chromedriverVersion: 121.0.6167.184 (057a8ae7deb..., userDataDir: C:\Windows\SystemTemp\scope...}, fedcm:accounts: true, goog:chromeOptions: {debuggerAddress: localhost:64199}, networkConnectionEnabled: false, pageLoadStrategy: normal, platformName: windows, proxy: Proxy(), se:cdp: ws://localhost:64199/devtoo..., se:cdpVersion: 121.0.6167.86, setWindowRect: true, strictFileInteractability: false, timeouts: {implicit: 0, pageLoad: 300000, script: 30000}, unhandledPromptBehavior: dismiss and notify, webauthn:extension:credBlob: true, webauthn:extension:largeBlob: true, webauthn:extension:minPinLength: true, webauthn:extension:prf: true, webauthn:virtualAuthenticators: true}
Session ID: 10e6b7711dc8852f7a4c2bcf43141d1a
at org.openqa.selenium.remote.ErrorCodec.decode(ErrorCodec.java:167)
at org.openqa.selenium.remote.codec.w3c.W3CHttpResponseCodec.decode(W3CHttpResponseCodec.java:138)
at org.openqa.selenium.remote.codec.w3c.W3CHttpResponseCodec.decode(W3CHttpResponseCodec.java:50)
at org.openqa.selenium.remote.HttpCommandExecutor.execute(HttpCommandExecutor.java:190)
at org.openqa.selenium.remote.service.DriverCommandExecutor.invokeExecute(DriverCommandExecutor.java:216)
at org.openqa.selenium.remote.service.DriverCommandExecutor.execute(DriverCommandExecutor.java:174)
at org.openqa.selenium.remote.RemoteWebDriver.execute(RemoteWebDriver.java:519)
at org.openqa.selenium.remote.RemoteWebDriver.execute(RemoteWebDriver.java:592)
at org.openqa.selenium.remote.RemoteWebDriver.execute(RemoteWebDriver.java:596)
at org.openqa.selenium.remote.RemoteWebDriver$RemoteWebDriverOptions$RemoteWindow.maximize(RemoteWebDriver.java:1035)
at utilities.DriverManager.maximizeDriver(DriverManager.java:27)
at tests.BaseTest.setUp(BaseTest.java:31)
... Removed 39 stack frames]]>
    </failure>
  </testcase> <!-- @BeforeTest setUp -->
  <testcase classname="tests.CruisesSearchPageTest" name="@BeforeClass loading" time="-1.71218019319E9">
    <skipped/>
  </testcase> <!-- @BeforeClass loading -->
  <testcase classname="tests.BaseTest" name="@BeforeMethod beforeMethod" time="-1.712180193222E9">
    <skipped/>
  </testcase> <!-- @BeforeMethod beforeMethod -->
  <testcase classname="tests.BaseTest" name="@AfterMethod getResult" time="-1.712180193227E9">
    <skipped/>
  </testcase> <!-- @AfterMethod getResult -->
  <testcase classname="tests.BaseTest" name="@BeforeMethod beforeMethod" time="-1.712180193233E9">
    <skipped/>
  </testcase> <!-- @BeforeMethod beforeMethod -->
  <testcase classname="tests.BaseTest" name="@AfterMethod getResult" time="-1.712180193234E9">
    <skipped/>
  </testcase> <!-- @AfterMethod getResult -->
  <testcase classname="tests.BaseTest" name="@BeforeMethod beforeMethod" time="-1.712180193236E9">
    <skipped/>
  </testcase> <!-- @BeforeMethod beforeMethod -->
  <testcase classname="tests.BaseTest" name="@AfterMethod getResult" time="-1.712180193237E9">
    <skipped/>
  </testcase> <!-- @AfterMethod getResult -->
  <testcase classname="tests.BaseTest" name="@BeforeMethod beforeMethod" time="-1.712180193238E9">
    <skipped/>
  </testcase> <!-- @BeforeMethod beforeMethod -->
  <testcase classname="tests.BaseTest" name="@AfterMethod getResult" time="-1.712180193239E9">
    <skipped/>
  </testcase> <!-- @AfterMethod getResult -->
  <testcase classname="tests.HomePageTest" name="@BeforeClass loading" time="-1.712180193241E9">
    <skipped/>
  </testcase> <!-- @BeforeClass loading -->
  <testcase classname="tests.BaseTest" name="@BeforeMethod beforeMethod" time="-1.712180193243E9">
    <skipped/>
  </testcase> <!-- @BeforeMethod beforeMethod -->
  <testcase classname="tests.BaseTest" name="@AfterMethod getResult" time="-1.712180193244E9">
    <skipped/>
  </testcase> <!-- @AfterMethod getResult -->
  <testcase classname="tests.BaseTest" name="@BeforeMethod beforeMethod" time="-1.712180193245E9">
    <skipped/>
  </testcase> <!-- @BeforeMethod beforeMethod -->
  <testcase classname="tests.BaseTest" name="@AfterMethod getResult" time="-1.712180193246E9">
    <skipped/>
  </testcase> <!-- @AfterMethod getResult -->
  <testcase classname="tests.BaseTest" name="@BeforeMethod beforeMethod" time="-1.712180193248E9">
    <skipped/>
  </testcase> <!-- @BeforeMethod beforeMethod -->
  <testcase classname="tests.BaseTest" name="@AfterMethod getResult" time="-1.712180193249E9">
    <skipped/>
  </testcase> <!-- @AfterMethod getResult -->
  <testcase classname="tests.BaseTest" name="@BeforeMethod beforeMethod" time="-1.71218019325E9">
    <skipped/>
  </testcase> <!-- @BeforeMethod beforeMethod -->
  <testcase classname="tests.BaseTest" name="@AfterMethod getResult" time="-1.712180193252E9">
    <skipped/>
  </testcase> <!-- @AfterMethod getResult -->
  <testcase classname="tests.BaseTest" name="@BeforeMethod beforeMethod" time="-1.712180193253E9">
    <skipped/>
  </testcase> <!-- @BeforeMethod beforeMethod -->
  <testcase classname="tests.BaseTest" name="@AfterMethod getResult" time="-1.712180193254E9">
    <skipped/>
  </testcase> <!-- @AfterMethod getResult -->
  <testcase classname="tests.BaseTest" name="@BeforeMethod beforeMethod" time="-1.712180193256E9">
    <skipped/>
  </testcase> <!-- @BeforeMethod beforeMethod -->
  <testcase classname="tests.BaseTest" name="@AfterMethod getResult" time="-1.712180193258E9">
    <skipped/>
  </testcase> <!-- @AfterMethod getResult -->
  <testcase classname="tests.HotelsSearchPageTest" name="@BeforeClass loading" time="-1.712180193261E9">
    <skipped/>
  </testcase> <!-- @BeforeClass loading -->
  <testcase classname="tests.BaseTest" name="@BeforeMethod beforeMethod" time="-1.712180193264E9">
    <skipped/>
  </testcase> <!-- @BeforeMethod beforeMethod -->
  <testcase classname="tests.BaseTest" name="@AfterMethod getResult" time="-1.712180193266E9">
    <skipped/>
  </testcase> <!-- @AfterMethod getResult -->
  <testcase classname="tests.BaseTest" name="@BeforeMethod beforeMethod" time="-1.712180193267E9">
    <skipped/>
  </testcase> <!-- @BeforeMethod beforeMethod -->
  <testcase classname="tests.BaseTest" name="@AfterMethod getResult" time="-1.712180193268E9">
    <skipped/>
  </testcase> <!-- @AfterMethod getResult -->
  <testcase classname="tests.BaseTest" name="@BeforeMethod beforeMethod" time="-1.712180193269E9">
    <skipped/>
  </testcase> <!-- @BeforeMethod beforeMethod -->
  <testcase classname="tests.BaseTest" name="@AfterMethod getResult" time="-1.71218019327E9">
    <skipped/>
  </testcase> <!-- @AfterMethod getResult -->
  <testcase classname="tests.BaseTest" name="@BeforeMethod beforeMethod" time="-1.712180193272E9">
    <skipped/>
  </testcase> <!-- @BeforeMethod beforeMethod -->
  <testcase classname="tests.BaseTest" name="@AfterMethod getResult" time="-1.712180193272E9">
    <skipped/>
  </testcase> <!-- @AfterMethod getResult -->
  <testcase classname="tests.BaseTest" name="@BeforeMethod beforeMethod" time="-1.712180193274E9">
    <skipped/>
  </testcase> <!-- @BeforeMethod beforeMethod -->
  <testcase classname="tests.BaseTest" name="@AfterMethod getResult" time="-1.712180193275E9">
    <skipped/>
  </testcase> <!-- @AfterMethod getResult -->
  <testcase classname="tests.BaseTest" name="@BeforeMethod beforeMethod" time="-1.712180193276E9">
    <skipped/>
  </testcase> <!-- @BeforeMethod beforeMethod -->
  <testcase classname="tests.BaseTest" name="@AfterMethod getResult" time="-1.712180193277E9">
    <skipped/>
  </testcase> <!-- @AfterMethod getResult -->
  <testcase classname="tests.BaseTest" name="@AfterTest tearDown" time="-1.712180193278E9">
    <skipped/>
  </testcase> <!-- @AfterTest tearDown -->
  <testcase classname="tests.CruisesSearchPageTest" name="moveToCruisePage" time="0.0">
    <skipped/>
  </testcase> <!-- moveToCruisePage -->
  <testcase classname="tests.CruisesSearchPageTest" name="testCruiseSelection" time="0.0">
    <skipped/>
  </testcase> <!-- testCruiseSelection -->
  <testcase classname="tests.CruisesSearchPageTest" name="findShipDetails" time="0.0">
    <skipped/>
  </testcase> <!-- findShipDetails -->
  <testcase classname="tests.CruisesSearchPageTest" name="getShipDetails" time="0.0">
    <skipped/>
  </testcase> <!-- getShipDetails -->
  <testcase classname="tests.HomePageTest" name="testHomePageTitle" time="0.0">
    <skipped/>
  </testcase> <!-- testHomePageTitle -->
  <testcase classname="tests.HomePageTest" name="testSelectedDestination" time="0.0">
    <skipped/>
  </testcase> <!-- testSelectedDestination -->
  <testcase classname="tests.HomePageTest" name="testCheckInDate" time="0.0">
    <skipped/>
  </testcase> <!-- testCheckInDate -->
  <testcase classname="tests.HomePageTest" name="testCheckOutDate" time="0.0">
    <skipped/>
  </testcase> <!-- testCheckOutDate -->
  <testcase classname="tests.HomePageTest" name="testGuestsAndRooms" time="0.0">
    <skipped/>
  </testcase> <!-- testGuestsAndRooms -->
  <testcase classname="tests.HomePageTest" name="testSearchButton" time="0.0">
    <skipped/>
  </testcase> <!-- testSearchButton -->
  <testcase classname="tests.HotelsSearchPageTest" name="testHotelSearchPageTitle" time="0.0">
    <skipped/>
  </testcase> <!-- testHotelSearchPageTitle -->
  <testcase classname="tests.HotelsSearchPageTest" name="sortHotels" time="0.0">
    <skipped/>
  </testcase> <!-- sortHotels -->
  <testcase classname="tests.HotelsSearchPageTest" name="selectPropertyType" time="0.0">
    <skipped/>
  </testcase> <!-- selectPropertyType -->
  <testcase classname="tests.HotelsSearchPageTest" name="selectAmenity" time="0.0">
    <skipped/>
  </testcase> <!-- selectAmenity -->
  <testcase classname="tests.HotelsSearchPageTest" name="getHotelsDetails" time="0.0">
    <skipped/>
  </testcase> <!-- getHotelsDetails -->
  <testcase classname="tests.HotelsSearchPageTest" name="moveToHomePage" time="0.0">
    <skipped/>
  </testcase> <!-- moveToHomePage -->
  <testcase classname="tests.BaseTest" name="@AfterTest tearDown" time="0.0">
    <ignored/>
  </testcase> <!-- @AfterTest tearDown -->
  <testcase classname="tests.BaseTest" name="@AfterTest tearDown" time="0.0">
    <ignored/>
  </testcase> <!-- @AfterTest tearDown -->
  <testcase classname="tests.BaseTest" name="@AfterTest tearDown" time="0.0">
    <ignored/>
  </testcase> <!-- @AfterTest tearDown -->
  <testcase classname="tests.BaseTest" name="@BeforeTest setUp" time="0.0">
    <ignored/>
  </testcase> <!-- @BeforeTest setUp -->
  <testcase classname="tests.BaseTest" name="@BeforeTest setUp" time="0.0">
    <ignored/>
  </testcase> <!-- @BeforeTest setUp -->
  <testcase classname="tests.BaseTest" name="@BeforeTest setUp" time="0.0">
    <ignored/>
  </testcase> <!-- @BeforeTest setUp -->
</testsuite> <!-- Command line test -->
