<!DOCTYPE html PUBLIC "-//W3C//DTD XHTML 1.1//EN" "https://www.w3.org/TR/xhtml11/DTD/xhtml11.dtd">
<html xmlns="https://www.w3.org/1999/xhtml">
<head>
<meta http-equiv="content-type" content="text/html; charset=UTF-8"/>
<title>TestNG Report</title>
<style type="text/css">table {margin-bottom:10px;border-collapse:collapse;empty-cells:show}th,td {border:1px solid #009;padding:.25em .5em}th {vertical-align:bottom}td {vertical-align:top}table a {font-weight:bold}.stripe td {background-color: #E6EBF9}.num {text-align:right}.passedodd td {background-color: #3F3}.passedeven td {background-color: #0A0}.skippedodd td {background-color: #DDD}.skippedeven td {background-color: #CCC}.failedodd td,.attn {background-color: #F33}.failedeven td,.stripe .attn {background-color: #D00}.stacktrace {white-space:pre;font-family:monospace}.totop {font-size:85%;text-align:center;border-bottom:2px solid #000}.invisible {display:none}</style>
</head>
<body>
<table>
<tr><th>Test</th><th># Passed</th><th># Skipped</th><th># Retried</th><th># Failed</th><th>Time (ms)</th><th>Included Groups</th><th>Excluded Groups</th></tr>
<tr><th colspan="8">Suite</th></tr>
<tr><td><a href="#t0">Test</a></td><td class="num">13</td><td class="num">0</td><td class="num">0</td><td class="num attn">3</td><td class="num">228,837</td><td></td><td></td></tr>
</table>
<table id='summary'><thead><tr><th>Class</th><th>Method</th><th>Start</th><th>Time (ms)</th></tr></thead><tbody><tr><th colspan="4">Suite</th></tr></tbody><tbody id="t0"><tr><th colspan="4">Test &#8212; failed</th></tr><tr class="failedeven"><td rowspan="3">tests.HotelsSearchPageTest</td><td><a href="#m0">selectAmenty</a></td><td rowspan="1">1712033373961</td><td rowspan="1">1304</td></tr><tr class="failedeven"><td><a href="#m1">selectPropertyType</a></td><td rowspan="1">1712033372304</td><td rowspan="1">1375</td></tr><tr class="failedeven"><td><a href="#m2">validateTitle</a></td><td rowspan="1">1712033370908</td><td rowspan="1">19</td></tr><tr><th colspan="4">Test &#8212; passed</th></tr><tr class="passedeven"><td rowspan="5">tests.CruisesSearchPageTest</td><td><a href="#m3">findShipDetails</a></td><td rowspan="1">1712033488630</td><td rowspan="1">291</td></tr><tr class="passedeven"><td><a href="#m4">getShipDetails</a></td><td rowspan="1">1712033491124</td><td rowspan="1">243</td></tr><tr class="passedeven"><td><a href="#m5">moveToCruisePage</a></td><td rowspan="1">1712033482346</td><td rowspan="1">2833</td></tr><tr class="passedeven"><td><a href="#m6">testCruiseSelection</a></td><td rowspan="1">1712033485869</td><td rowspan="1">177</td></tr><tr class="passedeven"><td><a href="#m7">testWebPage</a></td><td rowspan="1">1712033485540</td><td rowspan="1">11</td></tr><tr class="passedodd"><td rowspan="5">tests.HomePageTest</td><td><a href="#m8">testCheckInDate</a></td><td rowspan="1">1712033317893</td><td rowspan="1">682</td></tr><tr class="passedodd"><td><a href="#m9">testGuestsAndRooms</a></td><td rowspan="1">1712033318816</td><td rowspan="1">620</td></tr><tr class="passedodd"><td><a href="#m10">testOpenBrowser</a></td><td rowspan="1">1712033313939</td><td rowspan="1">35</td></tr><tr class="passedodd"><td><a href="#m11">testSearchButton</a></td><td rowspan="1">1712033319728</td><td rowspan="1">293</td></tr><tr class="passedodd"><td><a href="#m12">testSelectedDestination</a></td><td rowspan="1">1712033314319</td><td rowspan="1">3343</td></tr><tr class="passedeven"><td rowspan="3">tests.HotelsSearchPageTest</td><td><a href="#m13">displayPrices</a></td><td rowspan="1">1712033375524</td><td rowspan="1">10048</td></tr><tr class="passedeven"><td><a href="#m14">moveToHomePage</a></td><td rowspan="1">1712033385849</td><td rowspan="1">96262</td></tr><tr class="passedeven"><td><a href="#m15">sortHotels</a></td><td rowspan="1">1712033371234</td><td rowspan="1">751</td></tr></tbody>
</table>
<h2>Test</h2><h3 id="m0">tests.HotelsSearchPageTest#selectAmenty</h3><table class="result"><tr><th>Exception</th></tr><tr><td><div class="stacktrace">org.openqa.selenium.ElementClickInterceptedException: element click intercepted: Element &lt;li id=&quot;showAll&quot; class=&quot;&quot; style=&quot;position:relative&quot;&gt;...&lt;/li&gt; is not clickable at point (233, 111). Other element would receive the click: &lt;div class=&quot;content-con&quot;&gt;...&lt;/div&gt;
  (Session info: chrome=121.0.6167.86)
Build info: version: &apos;4.18.1&apos;, revision: &apos;b1d3319b48&apos;
System info: os.name: &apos;Windows 11&apos;, os.arch: &apos;amd64&apos;, os.version: &apos;10.0&apos;, java.version: &apos;17.0.9&apos;
Driver info: org.openqa.selenium.chrome.ChromeDriver
Command: [af819ce711adbb35aa3cb6983958140c, clickElement {id=FF2C4A39351789291E641027E8CD7F8C_element_260}]
Capabilities {acceptInsecureCerts: false, browserName: chrome, browserVersion: 121.0.6167.86, chrome: {chromedriverVersion: 121.0.6167.184 (057a8ae7deb..., userDataDir: C:\Windows\SystemTemp\scope...}, fedcm:accounts: true, goog:chromeOptions: {debuggerAddress: localhost:49331}, networkConnectionEnabled: false, pageLoadStrategy: normal, platformName: windows, proxy: Proxy(), se:cdp: ws://localhost:49331/devtoo..., se:cdpVersion: 121.0.6167.86, setWindowRect: true, strictFileInteractability: false, timeouts: {implicit: 0, pageLoad: 300000, script: 30000}, unhandledPromptBehavior: dismiss and notify, webauthn:extension:credBlob: true, webauthn:extension:largeBlob: true, webauthn:extension:minPinLength: true, webauthn:extension:prf: true, webauthn:virtualAuthenticators: true}
Element: [[[[ChromeDriver: chrome on windows (af819ce711adbb35aa3cb6983958140c)] -&gt; css selector: div.amenty-content]] -&gt; id: showAll]
Session ID: af819ce711adbb35aa3cb6983958140c
	at org.openqa.selenium.remote.ErrorCodec.decode(ErrorCodec.java:167)
	at org.openqa.selenium.remote.codec.w3c.W3CHttpResponseCodec.decode(W3CHttpResponseCodec.java:138)
	at org.openqa.selenium.remote.codec.w3c.W3CHttpResponseCodec.decode(W3CHttpResponseCodec.java:50)
	at org.openqa.selenium.remote.HttpCommandExecutor.execute(HttpCommandExecutor.java:190)
	at org.openqa.selenium.remote.service.DriverCommandExecutor.invokeExecute(DriverCommandExecutor.java:216)
	at org.openqa.selenium.remote.service.DriverCommandExecutor.execute(DriverCommandExecutor.java:174)
	at org.openqa.selenium.remote.RemoteWebDriver.execute(RemoteWebDriver.java:519)
	at org.openqa.selenium.remote.RemoteWebElement.execute(RemoteWebElement.java:223)
	at org.openqa.selenium.remote.RemoteWebElement.click(RemoteWebElement.java:76)
	at pages.HotelsSearchPage.selectAmeneties(HotelsSearchPage.java:69)
	at tests.HotelsSearchPageTest.selectAmenty(HotelsSearchPageTest.java:45)
	at java.base/java.util.ArrayList.forEach(ArrayList.java:1511)
... Removed 32 stack frames</div></td></tr></table><p class="totop"><a href="#summary">back to summary</a></p>
<h3 id="m1">tests.HotelsSearchPageTest#selectPropertyType</h3><table class="result"><tr><th>Exception</th></tr><tr><td><div class="stacktrace">org.openqa.selenium.ElementClickInterceptedException: element click intercepted: Element &lt;li id=&quot;showAll&quot; class=&quot;&quot; style=&quot;position:relative&quot;&gt;...&lt;/li&gt; is not clickable at point (233, 111). Other element would receive the click: &lt;div class=&quot;content-con&quot;&gt;...&lt;/div&gt;
  (Session info: chrome=121.0.6167.86)
Build info: version: &apos;4.18.1&apos;, revision: &apos;b1d3319b48&apos;
System info: os.name: &apos;Windows 11&apos;, os.arch: &apos;amd64&apos;, os.version: &apos;10.0&apos;, java.version: &apos;17.0.9&apos;
Driver info: org.openqa.selenium.chrome.ChromeDriver
Command: [af819ce711adbb35aa3cb6983958140c, clickElement {id=FF2C4A39351789291E641027E8CD7F8C_element_256}]
Capabilities {acceptInsecureCerts: false, browserName: chrome, browserVersion: 121.0.6167.86, chrome: {chromedriverVersion: 121.0.6167.184 (057a8ae7deb..., userDataDir: C:\Windows\SystemTemp\scope...}, fedcm:accounts: true, goog:chromeOptions: {debuggerAddress: localhost:49331}, networkConnectionEnabled: false, pageLoadStrategy: normal, platformName: windows, proxy: Proxy(), se:cdp: ws://localhost:49331/devtoo..., se:cdpVersion: 121.0.6167.86, setWindowRect: true, strictFileInteractability: false, timeouts: {implicit: 0, pageLoad: 300000, script: 30000}, unhandledPromptBehavior: dismiss and notify, webauthn:extension:credBlob: true, webauthn:extension:largeBlob: true, webauthn:extension:minPinLength: true, webauthn:extension:prf: true, webauthn:virtualAuthenticators: true}
Element: [[[[ChromeDriver: chrome on windows (af819ce711adbb35aa3cb6983958140c)] -&gt; css selector: div.category-content]] -&gt; id: showAll]
Session ID: af819ce711adbb35aa3cb6983958140c
	at org.openqa.selenium.remote.ErrorCodec.decode(ErrorCodec.java:167)
	at org.openqa.selenium.remote.codec.w3c.W3CHttpResponseCodec.decode(W3CHttpResponseCodec.java:138)
	at org.openqa.selenium.remote.codec.w3c.W3CHttpResponseCodec.decode(W3CHttpResponseCodec.java:50)
	at org.openqa.selenium.remote.HttpCommandExecutor.execute(HttpCommandExecutor.java:190)
	at org.openqa.selenium.remote.service.DriverCommandExecutor.invokeExecute(DriverCommandExecutor.java:216)
	at org.openqa.selenium.remote.service.DriverCommandExecutor.execute(DriverCommandExecutor.java:174)
	at org.openqa.selenium.remote.RemoteWebDriver.execute(RemoteWebDriver.java:519)
	at org.openqa.selenium.remote.RemoteWebElement.execute(RemoteWebElement.java:223)
	at org.openqa.selenium.remote.RemoteWebElement.click(RemoteWebElement.java:76)
	at pages.HotelsSearchPage.selectPropertyType(HotelsSearchPage.java:55)
	at tests.HotelsSearchPageTest.selectPropertyType(HotelsSearchPageTest.java:39)
	at java.base/java.util.ArrayList.forEach(ArrayList.java:1511)
... Removed 32 stack frames</div></td></tr></table><p class="totop"><a href="#summary">back to summary</a></p>
<h3 id="m2">tests.HotelsSearchPageTest#validateTitle</h3><table class="result"><tr><th>Exception</th></tr><tr><td><div class="stacktrace">java.lang.AssertionError: expected [Nairobi Hotels - Where to stay in Nairobi | Trip.com] but found [Melbourne Hotels - Where to stay in Melbourne | Trip.com]
	at tests.HotelsSearchPageTest.validateTitle(HotelsSearchPageTest.java:27)
	at java.base/java.util.ArrayList.forEach(ArrayList.java:1511)
... Removed 33 stack frames</div></td></tr></table><p class="totop"><a href="#summary">back to summary</a></p>
<h3 id="m3">tests.CruisesSearchPageTest#findShipDetails</h3><table class="result"><tr><th class="invisible"/></tr></table><p class="totop"><a href="#summary">back to summary</a></p>
<h3 id="m4">tests.CruisesSearchPageTest#getShipDetails</h3><table class="result"><tr><th class="invisible"/></tr></table><p class="totop"><a href="#summary">back to summary</a></p>
<h3 id="m5">tests.CruisesSearchPageTest#moveToCruisePage</h3><table class="result"><tr><th class="invisible"/></tr></table><p class="totop"><a href="#summary">back to summary</a></p>
<h3 id="m6">tests.CruisesSearchPageTest#testCruiseSelection</h3><table class="result"><tr><th class="invisible"/></tr></table><p class="totop"><a href="#summary">back to summary</a></p>
<h3 id="m7">tests.CruisesSearchPageTest#testWebPage</h3><table class="result"><tr><th class="invisible"/></tr></table><p class="totop"><a href="#summary">back to summary</a></p>
<h3 id="m8">tests.HomePageTest#testCheckInDate</h3><table class="result"><tr><th class="invisible"/></tr></table><p class="totop"><a href="#summary">back to summary</a></p>
<h3 id="m9">tests.HomePageTest#testGuestsAndRooms</h3><table class="result"><tr><th class="invisible"/></tr></table><p class="totop"><a href="#summary">back to summary</a></p>
<h3 id="m10">tests.HomePageTest#testOpenBrowser</h3><table class="result"><tr><th class="invisible"/></tr></table><p class="totop"><a href="#summary">back to summary</a></p>
<h3 id="m11">tests.HomePageTest#testSearchButton</h3><table class="result"><tr><th class="invisible"/></tr></table><p class="totop"><a href="#summary">back to summary</a></p>
<h3 id="m12">tests.HomePageTest#testSelectedDestination</h3><table class="result"><tr><th class="invisible"/></tr></table><p class="totop"><a href="#summary">back to summary</a></p>
<h3 id="m13">tests.HotelsSearchPageTest#displayPrices</h3><table class="result"><tr><th class="invisible"/></tr></table><p class="totop"><a href="#summary">back to summary</a></p>
<h3 id="m14">tests.HotelsSearchPageTest#moveToHomePage</h3><table class="result"><tr><th class="invisible"/></tr></table><p class="totop"><a href="#summary">back to summary</a></p>
<h3 id="m15">tests.HotelsSearchPageTest#sortHotels</h3><table class="result"><tr><th class="invisible"/></tr></table><p class="totop"><a href="#summary">back to summary</a></p>
</body>
</html>
