<?xml version="1.0" encoding="UTF-8"?>
<testng-results ignored="6" total="22" passed="13" failed="3" skipped="0">
  <reporter-output>
  </reporter-output>
  <suite started-at="2024-04-02T10:17:49 IST" name="Suite" finished-at="2024-04-02T10:21:38 IST" duration-ms="228837">
    <groups>
      <group name="smokeTest">
        <method signature="HomePageTest.testCheckInDate()[pri:3, instance:tests.HomePageTest@32ee6fee]" name="testCheckInDate" class="tests.HomePageTest"/>
        <method signature="HomePageTest.testOpenBrowser()[pri:1, instance:tests.HomePageTest@32ee6fee]" name="testOpenBrowser" class="tests.HomePageTest"/>
        <method signature="HomePageTest.testSearchButton()[pri:5, instance:tests.HomePageTest@32ee6fee]" name="testSearchButton" class="tests.HomePageTest"/>
        <method signature="HomePageTest.testSelectedDestination()[pri:2, instance:tests.HomePageTest@32ee6fee]" name="testSelectedDestination" class="tests.HomePageTest"/>
      </group> <!-- smokeTest -->
    </groups>
    <test started-at="2024-04-02T10:17:49 IST" name="Test" finished-at="2024-04-02T10:21:38 IST" duration-ms="228837">
      <class name="tests.HomePageTest">
        <test-method is-config="true" signature="loading()[pri:0, instance:tests.HomePageTest@32ee6fee]" started-at="2024-04-02T10:18:33 IST" name="loading" finished-at="2024-04-02T10:18:33 IST" duration-ms="95" status="PASS">
          <reporter-output>
          </reporter-output>
        </test-method> <!-- loading -->
        <test-method signature="testOpenBrowser()[pri:1, instance:tests.HomePageTest@32ee6fee]" started-at="2024-04-02T10:18:33 IST" name="testOpenBrowser" finished-at="2024-04-02T10:18:33 IST" duration-ms="35" status="PASS">
          <reporter-output>
          </reporter-output>
        </test-method> <!-- testOpenBrowser -->
        <test-method is-config="true" signature="getResult(org.testng.ITestResult)[pri:0, instance:tests.HomePageTest@32ee6fee]" started-at="2024-04-02T10:18:33 IST" name="getResult" finished-at="2024-04-02T10:18:34 IST" duration-ms="335" status="PASS">
          <params>
            <param index="0">
              <value>
                <![CDATA[[TestResult name=testOpenBrowser status=SUCCESS method=HomePageTest.testOpenBrowser()[pri:1, instance:tests.HomePageTest@32ee6fee] output={null}]]]>
              </value>
            </param>
          </params>
          <reporter-output>
          </reporter-output>
        </test-method> <!-- getResult -->
        <test-method signature="testSelectedDestination()[pri:2, instance:tests.HomePageTest@32ee6fee]" started-at="2024-04-02T10:18:34 IST" name="testSelectedDestination" finished-at="2024-04-02T10:18:37 IST" duration-ms="3343" status="PASS">
          <reporter-output>
          </reporter-output>
        </test-method> <!-- testSelectedDestination -->
        <test-method is-config="true" signature="getResult(org.testng.ITestResult)[pri:0, instance:tests.HomePageTest@32ee6fee]" started-at="2024-04-02T10:18:37 IST" name="getResult" finished-at="2024-04-02T10:18:37 IST" duration-ms="228" status="PASS">
          <params>
            <param index="0">
              <value>
                <![CDATA[[TestResult name=testSelectedDestination status=SUCCESS method=HomePageTest.testSelectedDestination()[pri:2, instance:tests.HomePageTest@32ee6fee] output={null}]]]>
              </value>
            </param>
          </params>
          <reporter-output>
          </reporter-output>
        </test-method> <!-- getResult -->
        <test-method signature="testCheckInDate()[pri:3, instance:tests.HomePageTest@32ee6fee]" started-at="2024-04-02T10:18:37 IST" name="testCheckInDate" finished-at="2024-04-02T10:18:38 IST" duration-ms="682" status="PASS">
          <reporter-output>
          </reporter-output>
        </test-method> <!-- testCheckInDate -->
        <test-method is-config="true" signature="getResult(org.testng.ITestResult)[pri:0, instance:tests.HomePageTest@32ee6fee]" started-at="2024-04-02T10:18:38 IST" name="getResult" finished-at="2024-04-02T10:18:38 IST" duration-ms="240" status="PASS">
          <params>
            <param index="0">
              <value>
                <![CDATA[[TestResult name=testCheckInDate status=SUCCESS method=HomePageTest.testCheckInDate()[pri:3, instance:tests.HomePageTest@32ee6fee] output={null}]]]>
              </value>
            </param>
          </params>
          <reporter-output>
          </reporter-output>
        </test-method> <!-- getResult -->
        <test-method signature="testGuestsAndRooms()[pri:4, instance:tests.HomePageTest@32ee6fee]" started-at="2024-04-02T10:18:38 IST" name="testGuestsAndRooms" finished-at="2024-04-02T10:18:39 IST" duration-ms="620" status="PASS">
          <reporter-output>
          </reporter-output>
        </test-method> <!-- testGuestsAndRooms -->
        <test-method is-config="true" signature="getResult(org.testng.ITestResult)[pri:0, instance:tests.HomePageTest@32ee6fee]" started-at="2024-04-02T10:18:39 IST" name="getResult" finished-at="2024-04-02T10:18:39 IST" duration-ms="289" status="PASS">
          <params>
            <param index="0">
              <value>
                <![CDATA[[TestResult name=testGuestsAndRooms status=SUCCESS method=HomePageTest.testGuestsAndRooms()[pri:4, instance:tests.HomePageTest@32ee6fee] output={null}]]]>
              </value>
            </param>
          </params>
          <reporter-output>
          </reporter-output>
        </test-method> <!-- getResult -->
        <test-method signature="testSearchButton()[pri:5, instance:tests.HomePageTest@32ee6fee]" started-at="2024-04-02T10:18:39 IST" name="testSearchButton" finished-at="2024-04-02T10:18:40 IST" duration-ms="293" status="PASS">
          <reporter-output>
          </reporter-output>
        </test-method> <!-- testSearchButton -->
        <test-method is-config="true" signature="getResult(org.testng.ITestResult)[pri:0, instance:tests.HomePageTest@32ee6fee]" started-at="2024-04-02T10:18:40 IST" name="getResult" finished-at="2024-04-02T10:19:30 IST" duration-ms="50835" status="PASS">
          <params>
            <param index="0">
              <value>
                <![CDATA[[TestResult name=testSearchButton status=SUCCESS method=HomePageTest.testSearchButton()[pri:5, instance:tests.HomePageTest@32ee6fee] output={null}]]]>
              </value>
            </param>
          </params>
          <reporter-output>
          </reporter-output>
        </test-method> <!-- getResult -->
      </class> <!-- tests.HomePageTest -->
      <class name="tests.BaseTest">
        <test-method is-config="true" signature="setUp()[pri:0, instance:tests.BaseTest@67c33749]" started-at="2024-04-02T10:17:49 IST" name="setUp" finished-at="2024-04-02T10:18:33 IST" duration-ms="44135" status="PASS">
          <reporter-output>
          </reporter-output>
        </test-method> <!-- setUp -->
        <test-method is-config="true" signature="tearDown()[pri:0, instance:tests.BaseTest@67c33749]" started-at="2024-04-02T10:21:31 IST" name="tearDown" finished-at="2024-04-02T10:21:38 IST" duration-ms="6961" status="PASS">
          <reporter-output>
          </reporter-output>
        </test-method> <!-- tearDown -->
      </class> <!-- tests.BaseTest -->
      <class name="tests.CruisesSearchPageTest">
        <test-method is-config="true" signature="loading()[pri:0, instance:tests.CruisesSearchPageTest@73e22a3d]" started-at="2024-04-02T10:21:22 IST" name="loading" finished-at="2024-04-02T10:21:22 IST" duration-ms="3" status="PASS">
          <reporter-output>
          </reporter-output>
        </test-method> <!-- loading -->
        <test-method signature="moveToCruisePage()[pri:1, instance:tests.CruisesSearchPageTest@73e22a3d]" started-at="2024-04-02T10:21:22 IST" name="moveToCruisePage" finished-at="2024-04-02T10:21:25 IST" duration-ms="2833" status="PASS">
          <reporter-output>
          </reporter-output>
        </test-method> <!-- moveToCruisePage -->
        <test-method is-config="true" signature="getResult(org.testng.ITestResult)[pri:0, instance:tests.CruisesSearchPageTest@73e22a3d]" started-at="2024-04-02T10:21:25 IST" name="getResult" finished-at="2024-04-02T10:21:25 IST" duration-ms="359" status="PASS">
          <params>
            <param index="0">
              <value>
                <![CDATA[[TestResult name=moveToCruisePage status=SUCCESS method=CruisesSearchPageTest.moveToCruisePage()[pri:1, instance:tests.CruisesSearchPageTest@73e22a3d] output={null}]]]>
              </value>
            </param>
          </params>
          <reporter-output>
          </reporter-output>
        </test-method> <!-- getResult -->
        <test-method signature="testWebPage()[pri:2, instance:tests.CruisesSearchPageTest@73e22a3d]" started-at="2024-04-02T10:21:25 IST" name="testWebPage" finished-at="2024-04-02T10:21:25 IST" duration-ms="11" status="PASS">
          <reporter-output>
          </reporter-output>
        </test-method> <!-- testWebPage -->
        <test-method is-config="true" signature="getResult(org.testng.ITestResult)[pri:0, instance:tests.CruisesSearchPageTest@73e22a3d]" started-at="2024-04-02T10:21:25 IST" name="getResult" finished-at="2024-04-02T10:21:25 IST" duration-ms="316" status="PASS">
          <params>
            <param index="0">
              <value>
                <![CDATA[[TestResult name=testWebPage status=SUCCESS method=CruisesSearchPageTest.testWebPage()[pri:2, instance:tests.CruisesSearchPageTest@73e22a3d] output={null}]]]>
              </value>
            </param>
          </params>
          <reporter-output>
          </reporter-output>
        </test-method> <!-- getResult -->
        <test-method signature="testCruiseSelection()[pri:3, instance:tests.CruisesSearchPageTest@73e22a3d]" started-at="2024-04-02T10:21:25 IST" name="testCruiseSelection" finished-at="2024-04-02T10:21:26 IST" duration-ms="177" status="PASS">
          <reporter-output>
          </reporter-output>
        </test-method> <!-- testCruiseSelection -->
        <test-method is-config="true" signature="getResult(org.testng.ITestResult)[pri:0, instance:tests.CruisesSearchPageTest@73e22a3d]" started-at="2024-04-02T10:21:26 IST" name="getResult" finished-at="2024-04-02T10:21:28 IST" duration-ms="2582" status="PASS">
          <params>
            <param index="0">
              <value>
                <![CDATA[[TestResult name=testCruiseSelection status=SUCCESS method=CruisesSearchPageTest.testCruiseSelection()[pri:3, instance:tests.CruisesSearchPageTest@73e22a3d] output={null}]]]>
              </value>
            </param>
          </params>
          <reporter-output>
          </reporter-output>
        </test-method> <!-- getResult -->
        <test-method signature="findShipDetails()[pri:4, instance:tests.CruisesSearchPageTest@73e22a3d]" started-at="2024-04-02T10:21:28 IST" name="findShipDetails" finished-at="2024-04-02T10:21:28 IST" duration-ms="291" status="PASS">
          <reporter-output>
          </reporter-output>
        </test-method> <!-- findShipDetails -->
        <test-method is-config="true" signature="getResult(org.testng.ITestResult)[pri:0, instance:tests.CruisesSearchPageTest@73e22a3d]" started-at="2024-04-02T10:21:28 IST" name="getResult" finished-at="2024-04-02T10:21:31 IST" duration-ms="2200" status="PASS">
          <params>
            <param index="0">
              <value>
                <![CDATA[[TestResult name=findShipDetails status=SUCCESS method=CruisesSearchPageTest.findShipDetails()[pri:4, instance:tests.CruisesSearchPageTest@73e22a3d] output={null}]]]>
              </value>
            </param>
          </params>
          <reporter-output>
          </reporter-output>
        </test-method> <!-- getResult -->
        <test-method signature="getShipDetails()[pri:5, instance:tests.CruisesSearchPageTest@73e22a3d]" started-at="2024-04-02T10:21:31 IST" name="getShipDetails" finished-at="2024-04-02T10:21:31 IST" duration-ms="243" status="PASS">
          <reporter-output>
          </reporter-output>
        </test-method> <!-- getShipDetails -->
        <test-method is-config="true" signature="getResult(org.testng.ITestResult)[pri:0, instance:tests.CruisesSearchPageTest@73e22a3d]" started-at="2024-04-02T10:21:31 IST" name="getResult" finished-at="2024-04-02T10:21:31 IST" duration-ms="155" status="PASS">
          <params>
            <param index="0">
              <value>
                <![CDATA[[TestResult name=getShipDetails status=SUCCESS method=CruisesSearchPageTest.getShipDetails()[pri:5, instance:tests.CruisesSearchPageTest@73e22a3d] output={null}]]]>
              </value>
            </param>
          </params>
          <reporter-output>
          </reporter-output>
        </test-method> <!-- getResult -->
      </class> <!-- tests.CruisesSearchPageTest -->
      <class name="tests.HotelsSearchPageTest">
        <test-method is-config="true" signature="loading()[pri:0, instance:tests.HotelsSearchPageTest@3232a28a]" started-at="2024-04-02T10:19:30 IST" name="loading" finished-at="2024-04-02T10:19:30 IST" duration-ms="49" status="PASS">
          <reporter-output>
          </reporter-output>
        </test-method> <!-- loading -->
        <test-method signature="validateTitle()[pri:1, instance:tests.HotelsSearchPageTest@3232a28a]" started-at="2024-04-02T10:19:30 IST" name="validateTitle" finished-at="2024-04-02T10:19:30 IST" duration-ms="19" status="FAIL">
          <exception class="java.lang.AssertionError">
            <message>
              <![CDATA[expected [Nairobi Hotels - Where to stay in Nairobi | Trip.com] but found [Melbourne Hotels - Where to stay in Melbourne | Trip.com]]]>
            </message>
            <full-stacktrace>
              <![CDATA[java.lang.AssertionError: expected [Nairobi Hotels - Where to stay in Nairobi | Trip.com] but found [Melbourne Hotels - Where to stay in Melbourne | Trip.com]
at org.testng.Assert.fail(Assert.java:99)
at org.testng.Assert.failNotEquals(Assert.java:1037)
at org.testng.Assert.assertEqualsImpl(Assert.java:140)
at org.testng.Assert.assertEquals(Assert.java:122)
at org.testng.Assert.assertEquals(Assert.java:629)
at org.testng.Assert.assertEquals(Assert.java:639)
at tests.HotelsSearchPageTest.validateTitle(HotelsSearchPageTest.java:27)
at java.base/jdk.internal.reflect.NativeMethodAccessorImpl.invoke0(Native Method)
at java.base/jdk.internal.reflect.NativeMethodAccessorImpl.invoke(NativeMethodAccessorImpl.java:77)
at java.base/jdk.internal.reflect.DelegatingMethodAccessorImpl.invoke(DelegatingMethodAccessorImpl.java:43)
at java.base/java.lang.reflect.Method.invoke(Method.java:568)
at org.testng.internal.MethodInvocationHelper.invokeMethod(MethodInvocationHelper.java:133)
at org.testng.internal.TestInvoker.invokeMethod(TestInvoker.java:598)
at org.testng.internal.TestInvoker.invokeTestMethod(TestInvoker.java:173)
at org.testng.internal.MethodRunner.runInSequence(MethodRunner.java:46)
at org.testng.internal.TestInvoker$MethodInvocationAgent.invoke(TestInvoker.java:824)
at org.testng.internal.TestInvoker.invokeTestMethods(TestInvoker.java:146)
at org.testng.internal.TestMethodWorker.invokeTestMethods(TestMethodWorker.java:146)
at org.testng.internal.TestMethodWorker.run(TestMethodWorker.java:128)
at java.base/java.util.ArrayList.forEach(ArrayList.java:1511)
at org.testng.TestRunner.privateRun(TestRunner.java:794)
at org.testng.TestRunner.run(TestRunner.java:596)
at org.testng.SuiteRunner.runTest(SuiteRunner.java:377)
at org.testng.SuiteRunner.runSequentially(SuiteRunner.java:371)
at org.testng.SuiteRunner.privateRun(SuiteRunner.java:332)
at org.testng.SuiteRunner.run(SuiteRunner.java:276)
at org.testng.SuiteRunnerWorker.runSuite(SuiteRunnerWorker.java:53)
at org.testng.SuiteRunnerWorker.run(SuiteRunnerWorker.java:96)
at org.testng.TestNG.runSuitesSequentially(TestNG.java:1212)
at org.testng.TestNG.runSuitesLocally(TestNG.java:1134)
at org.testng.TestNG.runSuites(TestNG.java:1063)
at org.testng.TestNG.run(TestNG.java:1031)
at org.testng.remote.AbstractRemoteTestNG.run(AbstractRemoteTestNG.java:115)
at org.testng.remote.RemoteTestNG.initAndRun(RemoteTestNG.java:251)
at org.testng.remote.RemoteTestNG.main(RemoteTestNG.java:77)
]]>
            </full-stacktrace>
          </exception> <!-- java.lang.AssertionError -->
          <reporter-output>
          </reporter-output>
        </test-method> <!-- validateTitle -->
        <test-method is-config="true" signature="getResult(org.testng.ITestResult)[pri:0, instance:tests.HotelsSearchPageTest@3232a28a]" started-at="2024-04-02T10:19:30 IST" name="getResult" finished-at="2024-04-02T10:19:31 IST" duration-ms="302" status="PASS">
          <params>
            <param index="0">
              <value>
                <![CDATA[[TestResult name=validateTitle status=FAILURE method=HotelsSearchPageTest.validateTitle()[pri:1, instance:tests.HotelsSearchPageTest@3232a28a] output={null}]]]>
              </value>
            </param>
          </params>
          <reporter-output>
          </reporter-output>
        </test-method> <!-- getResult -->
        <test-method signature="sortHotels()[pri:2, instance:tests.HotelsSearchPageTest@3232a28a]" started-at="2024-04-02T10:19:31 IST" name="sortHotels" finished-at="2024-04-02T10:19:31 IST" duration-ms="751" status="PASS">
          <reporter-output>
          </reporter-output>
        </test-method> <!-- sortHotels -->
        <test-method is-config="true" signature="getResult(org.testng.ITestResult)[pri:0, instance:tests.HotelsSearchPageTest@3232a28a]" started-at="2024-04-02T10:19:31 IST" name="getResult" finished-at="2024-04-02T10:19:32 IST" duration-ms="314" status="PASS">
          <params>
            <param index="0">
              <value>
                <![CDATA[[TestResult name=sortHotels status=SUCCESS method=HotelsSearchPageTest.sortHotels()[pri:2, instance:tests.HotelsSearchPageTest@3232a28a] output={null}]]]>
              </value>
            </param>
          </params>
          <reporter-output>
          </reporter-output>
        </test-method> <!-- getResult -->
        <test-method signature="selectPropertyType()[pri:3, instance:tests.HotelsSearchPageTest@3232a28a]" started-at="2024-04-02T10:19:32 IST" name="selectPropertyType" finished-at="2024-04-02T10:19:33 IST" duration-ms="1375" status="FAIL">
          <exception class="org.openqa.selenium.ElementClickInterceptedException">
            <message>
              <![CDATA[element click intercepted: Element <li id="showAll" class="" style="position:relative">...</li> is not clickable at point (233, 111). Other element would receive the click: <div class="content-con">...</div>
  (Session info: chrome=121.0.6167.86)
Build info: version: '4.18.1', revision: 'b1d3319b48'
System info: os.name: 'Windows 11', os.arch: 'amd64', os.version: '10.0', java.version: '17.0.9'
Driver info: org.openqa.selenium.chrome.ChromeDriver
Command: [af819ce711adbb35aa3cb6983958140c, clickElement {id=FF2C4A39351789291E641027E8CD7F8C_element_256}]
Capabilities {acceptInsecureCerts: false, browserName: chrome, browserVersion: 121.0.6167.86, chrome: {chromedriverVersion: 121.0.6167.184 (057a8ae7deb..., userDataDir: C:\Windows\SystemTemp\scope...}, fedcm:accounts: true, goog:chromeOptions: {debuggerAddress: localhost:49331}, networkConnectionEnabled: false, pageLoadStrategy: normal, platformName: windows, proxy: Proxy(), se:cdp: ws://localhost:49331/devtoo..., se:cdpVersion: 121.0.6167.86, setWindowRect: true, strictFileInteractability: false, timeouts: {implicit: 0, pageLoad: 300000, script: 30000}, unhandledPromptBehavior: dismiss and notify, webauthn:extension:credBlob: true, webauthn:extension:largeBlob: true, webauthn:extension:minPinLength: true, webauthn:extension:prf: true, webauthn:virtualAuthenticators: true}
Element: [[[[ChromeDriver: chrome on windows (af819ce711adbb35aa3cb6983958140c)] -> css selector: div.category-content]] -> id: showAll]
Session ID: af819ce711adbb35aa3cb6983958140c]]>
            </message>
            <full-stacktrace>
              <![CDATA[org.openqa.selenium.ElementClickInterceptedException: element click intercepted: Element <li id="showAll" class="" style="position:relative">...</li> is not clickable at point (233, 111). Other element would receive the click: <div class="content-con">...</div>
  (Session info: chrome=121.0.6167.86)
Build info: version: '4.18.1', revision: 'b1d3319b48'
System info: os.name: 'Windows 11', os.arch: 'amd64', os.version: '10.0', java.version: '17.0.9'
Driver info: org.openqa.selenium.chrome.ChromeDriver
Command: [af819ce711adbb35aa3cb6983958140c, clickElement {id=FF2C4A39351789291E641027E8CD7F8C_element_256}]
Capabilities {acceptInsecureCerts: false, browserName: chrome, browserVersion: 121.0.6167.86, chrome: {chromedriverVersion: 121.0.6167.184 (057a8ae7deb..., userDataDir: C:\Windows\SystemTemp\scope...}, fedcm:accounts: true, goog:chromeOptions: {debuggerAddress: localhost:49331}, networkConnectionEnabled: false, pageLoadStrategy: normal, platformName: windows, proxy: Proxy(), se:cdp: ws://localhost:49331/devtoo..., se:cdpVersion: 121.0.6167.86, setWindowRect: true, strictFileInteractability: false, timeouts: {implicit: 0, pageLoad: 300000, script: 30000}, unhandledPromptBehavior: dismiss and notify, webauthn:extension:credBlob: true, webauthn:extension:largeBlob: true, webauthn:extension:minPinLength: true, webauthn:extension:prf: true, webauthn:virtualAuthenticators: true}
Element: [[[[ChromeDriver: chrome on windows (af819ce711adbb35aa3cb6983958140c)] -> css selector: div.category-content]] -> id: showAll]
Session ID: af819ce711adbb35aa3cb6983958140c
at java.base/jdk.internal.reflect.NativeConstructorAccessorImpl.newInstance0(Native Method)
at java.base/jdk.internal.reflect.NativeConstructorAccessorImpl.newInstance(NativeConstructorAccessorImpl.java:77)
at java.base/jdk.internal.reflect.DelegatingConstructorAccessorImpl.newInstance(DelegatingConstructorAccessorImpl.java:45)
at java.base/java.lang.reflect.Constructor.newInstanceWithCaller(Constructor.java:499)
at java.base/java.lang.reflect.Constructor.newInstance(Constructor.java:480)
at org.openqa.selenium.remote.ErrorCodec.decode(ErrorCodec.java:167)
at org.openqa.selenium.remote.codec.w3c.W3CHttpResponseCodec.decode(W3CHttpResponseCodec.java:138)
at org.openqa.selenium.remote.codec.w3c.W3CHttpResponseCodec.decode(W3CHttpResponseCodec.java:50)
at org.openqa.selenium.remote.HttpCommandExecutor.execute(HttpCommandExecutor.java:190)
at org.openqa.selenium.remote.service.DriverCommandExecutor.invokeExecute(DriverCommandExecutor.java:216)
at org.openqa.selenium.remote.service.DriverCommandExecutor.execute(DriverCommandExecutor.java:174)
at org.openqa.selenium.remote.RemoteWebDriver.execute(RemoteWebDriver.java:519)
at org.openqa.selenium.remote.RemoteWebElement.execute(RemoteWebElement.java:223)
at org.openqa.selenium.remote.RemoteWebElement.click(RemoteWebElement.java:76)
at pages.HotelsSearchPage.selectPropertyType(HotelsSearchPage.java:55)
at tests.HotelsSearchPageTest.selectPropertyType(HotelsSearchPageTest.java:39)
at java.base/jdk.internal.reflect.NativeMethodAccessorImpl.invoke0(Native Method)
at java.base/jdk.internal.reflect.NativeMethodAccessorImpl.invoke(NativeMethodAccessorImpl.java:77)
at java.base/jdk.internal.reflect.DelegatingMethodAccessorImpl.invoke(DelegatingMethodAccessorImpl.java:43)
at java.base/java.lang.reflect.Method.invoke(Method.java:568)
at org.testng.internal.MethodInvocationHelper.invokeMethod(MethodInvocationHelper.java:133)
at org.testng.internal.TestInvoker.invokeMethod(TestInvoker.java:598)
at org.testng.internal.TestInvoker.invokeTestMethod(TestInvoker.java:173)
at org.testng.internal.MethodRunner.runInSequence(MethodRunner.java:46)
at org.testng.internal.TestInvoker$MethodInvocationAgent.invoke(TestInvoker.java:824)
at org.testng.internal.TestInvoker.invokeTestMethods(TestInvoker.java:146)
at org.testng.internal.TestMethodWorker.invokeTestMethods(TestMethodWorker.java:146)
at org.testng.internal.TestMethodWorker.run(TestMethodWorker.java:128)
at java.base/java.util.ArrayList.forEach(ArrayList.java:1511)
at org.testng.TestRunner.privateRun(TestRunner.java:794)
at org.testng.TestRunner.run(TestRunner.java:596)
at org.testng.SuiteRunner.runTest(SuiteRunner.java:377)
at org.testng.SuiteRunner.runSequentially(SuiteRunner.java:371)
at org.testng.SuiteRunner.privateRun(SuiteRunner.java:332)
at org.testng.SuiteRunner.run(SuiteRunner.java:276)
at org.testng.SuiteRunnerWorker.runSuite(SuiteRunnerWorker.java:53)
at org.testng.SuiteRunnerWorker.run(SuiteRunnerWorker.java:96)
at org.testng.TestNG.runSuitesSequentially(TestNG.java:1212)
at org.testng.TestNG.runSuitesLocally(TestNG.java:1134)
at org.testng.TestNG.runSuites(TestNG.java:1063)
at org.testng.TestNG.run(TestNG.java:1031)
at org.testng.remote.AbstractRemoteTestNG.run(AbstractRemoteTestNG.java:115)
at org.testng.remote.RemoteTestNG.initAndRun(RemoteTestNG.java:251)
at org.testng.remote.RemoteTestNG.main(RemoteTestNG.java:77)
]]>
            </full-stacktrace>
          </exception> <!-- org.openqa.selenium.ElementClickInterceptedException -->
          <reporter-output>
          </reporter-output>
        </test-method> <!-- selectPropertyType -->
        <test-method is-config="true" signature="getResult(org.testng.ITestResult)[pri:0, instance:tests.HotelsSearchPageTest@3232a28a]" started-at="2024-04-02T10:19:33 IST" name="getResult" finished-at="2024-04-02T10:19:33 IST" duration-ms="274" status="PASS">
          <params>
            <param index="0">
              <value>
                <![CDATA[[TestResult name=selectPropertyType status=FAILURE method=HotelsSearchPageTest.selectPropertyType()[pri:3, instance:tests.HotelsSearchPageTest@3232a28a] output={null}]]]>
              </value>
            </param>
          </params>
          <reporter-output>
          </reporter-output>
        </test-method> <!-- getResult -->
        <test-method signature="selectAmenty()[pri:4, instance:tests.HotelsSearchPageTest@3232a28a]" started-at="2024-04-02T10:19:33 IST" name="selectAmenty" finished-at="2024-04-02T10:19:35 IST" duration-ms="1304" status="FAIL">
          <exception class="org.openqa.selenium.ElementClickInterceptedException">
            <message>
              <![CDATA[element click intercepted: Element <li id="showAll" class="" style="position:relative">...</li> is not clickable at point (233, 111). Other element would receive the click: <div class="content-con">...</div>
  (Session info: chrome=121.0.6167.86)
Build info: version: '4.18.1', revision: 'b1d3319b48'
System info: os.name: 'Windows 11', os.arch: 'amd64', os.version: '10.0', java.version: '17.0.9'
Driver info: org.openqa.selenium.chrome.ChromeDriver
Command: [af819ce711adbb35aa3cb6983958140c, clickElement {id=FF2C4A39351789291E641027E8CD7F8C_element_260}]
Capabilities {acceptInsecureCerts: false, browserName: chrome, browserVersion: 121.0.6167.86, chrome: {chromedriverVersion: 121.0.6167.184 (057a8ae7deb..., userDataDir: C:\Windows\SystemTemp\scope...}, fedcm:accounts: true, goog:chromeOptions: {debuggerAddress: localhost:49331}, networkConnectionEnabled: false, pageLoadStrategy: normal, platformName: windows, proxy: Proxy(), se:cdp: ws://localhost:49331/devtoo..., se:cdpVersion: 121.0.6167.86, setWindowRect: true, strictFileInteractability: false, timeouts: {implicit: 0, pageLoad: 300000, script: 30000}, unhandledPromptBehavior: dismiss and notify, webauthn:extension:credBlob: true, webauthn:extension:largeBlob: true, webauthn:extension:minPinLength: true, webauthn:extension:prf: true, webauthn:virtualAuthenticators: true}
Element: [[[[ChromeDriver: chrome on windows (af819ce711adbb35aa3cb6983958140c)] -> css selector: div.amenty-content]] -> id: showAll]
Session ID: af819ce711adbb35aa3cb6983958140c]]>
            </message>
            <full-stacktrace>
              <![CDATA[org.openqa.selenium.ElementClickInterceptedException: element click intercepted: Element <li id="showAll" class="" style="position:relative">...</li> is not clickable at point (233, 111). Other element would receive the click: <div class="content-con">...</div>
  (Session info: chrome=121.0.6167.86)
Build info: version: '4.18.1', revision: 'b1d3319b48'
System info: os.name: 'Windows 11', os.arch: 'amd64', os.version: '10.0', java.version: '17.0.9'
Driver info: org.openqa.selenium.chrome.ChromeDriver
Command: [af819ce711adbb35aa3cb6983958140c, clickElement {id=FF2C4A39351789291E641027E8CD7F8C_element_260}]
Capabilities {acceptInsecureCerts: false, browserName: chrome, browserVersion: 121.0.6167.86, chrome: {chromedriverVersion: 121.0.6167.184 (057a8ae7deb..., userDataDir: C:\Windows\SystemTemp\scope...}, fedcm:accounts: true, goog:chromeOptions: {debuggerAddress: localhost:49331}, networkConnectionEnabled: false, pageLoadStrategy: normal, platformName: windows, proxy: Proxy(), se:cdp: ws://localhost:49331/devtoo..., se:cdpVersion: 121.0.6167.86, setWindowRect: true, strictFileInteractability: false, timeouts: {implicit: 0, pageLoad: 300000, script: 30000}, unhandledPromptBehavior: dismiss and notify, webauthn:extension:credBlob: true, webauthn:extension:largeBlob: true, webauthn:extension:minPinLength: true, webauthn:extension:prf: true, webauthn:virtualAuthenticators: true}
Element: [[[[ChromeDriver: chrome on windows (af819ce711adbb35aa3cb6983958140c)] -> css selector: div.amenty-content]] -> id: showAll]
Session ID: af819ce711adbb35aa3cb6983958140c
at java.base/jdk.internal.reflect.NativeConstructorAccessorImpl.newInstance0(Native Method)
at java.base/jdk.internal.reflect.NativeConstructorAccessorImpl.newInstance(NativeConstructorAccessorImpl.java:77)
at java.base/jdk.internal.reflect.DelegatingConstructorAccessorImpl.newInstance(DelegatingConstructorAccessorImpl.java:45)
at java.base/java.lang.reflect.Constructor.newInstanceWithCaller(Constructor.java:499)
at java.base/java.lang.reflect.Constructor.newInstance(Constructor.java:480)
at org.openqa.selenium.remote.ErrorCodec.decode(ErrorCodec.java:167)
at org.openqa.selenium.remote.codec.w3c.W3CHttpResponseCodec.decode(W3CHttpResponseCodec.java:138)
at org.openqa.selenium.remote.codec.w3c.W3CHttpResponseCodec.decode(W3CHttpResponseCodec.java:50)
at org.openqa.selenium.remote.HttpCommandExecutor.execute(HttpCommandExecutor.java:190)
at org.openqa.selenium.remote.service.DriverCommandExecutor.invokeExecute(DriverCommandExecutor.java:216)
at org.openqa.selenium.remote.service.DriverCommandExecutor.execute(DriverCommandExecutor.java:174)
at org.openqa.selenium.remote.RemoteWebDriver.execute(RemoteWebDriver.java:519)
at org.openqa.selenium.remote.RemoteWebElement.execute(RemoteWebElement.java:223)
at org.openqa.selenium.remote.RemoteWebElement.click(RemoteWebElement.java:76)
at pages.HotelsSearchPage.selectAmeneties(HotelsSearchPage.java:69)
at tests.HotelsSearchPageTest.selectAmenty(HotelsSearchPageTest.java:45)
at java.base/jdk.internal.reflect.NativeMethodAccessorImpl.invoke0(Native Method)
at java.base/jdk.internal.reflect.NativeMethodAccessorImpl.invoke(NativeMethodAccessorImpl.java:77)
at java.base/jdk.internal.reflect.DelegatingMethodAccessorImpl.invoke(DelegatingMethodAccessorImpl.java:43)
at java.base/java.lang.reflect.Method.invoke(Method.java:568)
at org.testng.internal.MethodInvocationHelper.invokeMethod(MethodInvocationHelper.java:133)
at org.testng.internal.TestInvoker.invokeMethod(TestInvoker.java:598)
at org.testng.internal.TestInvoker.invokeTestMethod(TestInvoker.java:173)
at org.testng.internal.MethodRunner.runInSequence(MethodRunner.java:46)
at org.testng.internal.TestInvoker$MethodInvocationAgent.invoke(TestInvoker.java:824)
at org.testng.internal.TestInvoker.invokeTestMethods(TestInvoker.java:146)
at org.testng.internal.TestMethodWorker.invokeTestMethods(TestMethodWorker.java:146)
at org.testng.internal.TestMethodWorker.run(TestMethodWorker.java:128)
at java.base/java.util.ArrayList.forEach(ArrayList.java:1511)
at org.testng.TestRunner.privateRun(TestRunner.java:794)
at org.testng.TestRunner.run(TestRunner.java:596)
at org.testng.SuiteRunner.runTest(SuiteRunner.java:377)
at org.testng.SuiteRunner.runSequentially(SuiteRunner.java:371)
at org.testng.SuiteRunner.privateRun(SuiteRunner.java:332)
at org.testng.SuiteRunner.run(SuiteRunner.java:276)
at org.testng.SuiteRunnerWorker.runSuite(SuiteRunnerWorker.java:53)
at org.testng.SuiteRunnerWorker.run(SuiteRunnerWorker.java:96)
at org.testng.TestNG.runSuitesSequentially(TestNG.java:1212)
at org.testng.TestNG.runSuitesLocally(TestNG.java:1134)
at org.testng.TestNG.runSuites(TestNG.java:1063)
at org.testng.TestNG.run(TestNG.java:1031)
at org.testng.remote.AbstractRemoteTestNG.run(AbstractRemoteTestNG.java:115)
at org.testng.remote.RemoteTestNG.initAndRun(RemoteTestNG.java:251)
at org.testng.remote.RemoteTestNG.main(RemoteTestNG.java:77)
]]>
            </full-stacktrace>
          </exception> <!-- org.openqa.selenium.ElementClickInterceptedException -->
          <reporter-output>
          </reporter-output>
        </test-method> <!-- selectAmenty -->
        <test-method is-config="true" signature="getResult(org.testng.ITestResult)[pri:0, instance:tests.HotelsSearchPageTest@3232a28a]" started-at="2024-04-02T10:19:35 IST" name="getResult" finished-at="2024-04-02T10:19:35 IST" duration-ms="255" status="PASS">
          <params>
            <param index="0">
              <value>
                <![CDATA[[TestResult name=selectAmenty status=FAILURE method=HotelsSearchPageTest.selectAmenty()[pri:4, instance:tests.HotelsSearchPageTest@3232a28a] output={null}]]]>
              </value>
            </param>
          </params>
          <reporter-output>
          </reporter-output>
        </test-method> <!-- getResult -->
        <test-method signature="displayPrices()[pri:5, instance:tests.HotelsSearchPageTest@3232a28a]" started-at="2024-04-02T10:19:35 IST" name="displayPrices" finished-at="2024-04-02T10:19:45 IST" duration-ms="10048" status="PASS">
          <reporter-output>
          </reporter-output>
        </test-method> <!-- displayPrices -->
        <test-method is-config="true" signature="getResult(org.testng.ITestResult)[pri:0, instance:tests.HotelsSearchPageTest@3232a28a]" started-at="2024-04-02T10:19:45 IST" name="getResult" finished-at="2024-04-02T10:19:45 IST" duration-ms="273" status="PASS">
          <params>
            <param index="0">
              <value>
                <![CDATA[[TestResult name=displayPrices status=SUCCESS method=HotelsSearchPageTest.displayPrices()[pri:5, instance:tests.HotelsSearchPageTest@3232a28a] output={null}]]]>
              </value>
            </param>
          </params>
          <reporter-output>
          </reporter-output>
        </test-method> <!-- getResult -->
        <test-method signature="moveToHomePage()[pri:5, instance:tests.HotelsSearchPageTest@3232a28a]" started-at="2024-04-02T10:19:45 IST" name="moveToHomePage" finished-at="2024-04-02T10:21:22 IST" duration-ms="96262" status="PASS">
          <reporter-output>
          </reporter-output>
        </test-method> <!-- moveToHomePage -->
        <test-method is-config="true" signature="getResult(org.testng.ITestResult)[pri:0, instance:tests.HotelsSearchPageTest@3232a28a]" started-at="2024-04-02T10:21:22 IST" name="getResult" finished-at="2024-04-02T10:21:22 IST" duration-ms="229" status="PASS">
          <params>
            <param index="0">
              <value>
                <![CDATA[[TestResult name=moveToHomePage status=SUCCESS method=HotelsSearchPageTest.moveToHomePage()[pri:5, instance:tests.HotelsSearchPageTest@3232a28a] output={null}]]]>
              </value>
            </param>
          </params>
          <reporter-output>
          </reporter-output>
        </test-method> <!-- getResult -->
      </class> <!-- tests.HotelsSearchPageTest -->
    </test> <!-- Test -->
  </suite> <!-- Suite -->
</testng-results>
